<?xml version="1.0" encoding="UTF-8"?>
<testng-results ignored="0" total="1" passed="0" failed="1" skipped="0">
  <reporter-output>
  </reporter-output>
  <suite started-at="2022-11-21T16:20:13 IST" name="Default suite" finished-at="2022-11-21T16:20:21 IST" duration-ms="7859">
    <groups>
      <group name="cucumber">
        <method signature="AbstractTestNGCucumberTests.runScenario(io.cucumber.testng.PickleWrapper,io.cucumber.testng.FeatureWrapper)[pri:0, instance:cucumber.TestNgTestRunner@7a35b0f5]" name="runScenario" class="io.cucumber.testng.AbstractTestNGCucumberTests"/>
      </group> <!-- cucumber -->
    </groups>
    <test started-at="2022-11-21T16:20:13 IST" name="Default test" finished-at="2022-11-21T16:20:21 IST" duration-ms="7859">
      <class name="cucumber.TestNgTestRunner">
        <test-method is-config="true" signature="setUpClass(org.testng.ITestContext)[pri:0, instance:cucumber.TestNgTestRunner@7a35b0f5]" started-at="2022-11-21T16:20:13 IST" name="setUpClass" finished-at="2022-11-21T16:20:14 IST" duration-ms="846" status="PASS">
          <params>
            <param index="0">
              <value>
                <![CDATA[org.testng.TestRunner@66f5a02e]]>
              </value>
            </param>
          </params>
          <reporter-output>
          </reporter-output>
        </test-method> <!-- setUpClass -->
        <test-method signature="runScenario(io.cucumber.testng.PickleWrapper,io.cucumber.testng.FeatureWrapper)[pri:0, instance:cucumber.TestNgTestRunner@7a35b0f5]" started-at="2022-11-21T16:20:14 IST" name="runScenario" description="Runs Cucumber Scenarios" data-provider="scenarios" finished-at="2022-11-21T16:20:21 IST" duration-ms="6844" status="FAIL">
          <params>
            <param index="0">
              <value>
                <![CDATA["Positive Test of Submitting the order"]]>
              </value>
            </param>
            <param index="1">
              <value>
                <![CDATA["Purchase the order from Ecommerce Website"]]>
              </value>
            </param>
          </params>
          <exception class="java.lang.NullPointerException">
            <message>
              <![CDATA[Cannot invoke "pom.Homepage.getProductList()" because "this.homepage" is null]]>
            </message>
            <full-stacktrace>
              <![CDATA[java.lang.NullPointerException: Cannot invoke "pom.Homepage.getProductList()" because "this.homepage" is null
at stepDefinitions.StepDefinitionImp.I_add_product_to_Cart(StepDefinitionImp.java:41)
at ✽.I add product ZARA COAT 3 to Cart(file:///E:/VELOCITY%20LEC/SOFTWARE/ECLIPSE/ECLIPSE%20CODE/SeleniumFrameWork/src/test/java/cucumber/Standalontest2.feature:14)
]]>
            </full-stacktrace>
          </exception> <!-- java.lang.NullPointerException -->
          <reporter-output>
          </reporter-output>
        </test-method> <!-- runScenario -->
        <test-method is-config="true" signature="tearDownClass()[pri:0, instance:cucumber.TestNgTestRunner@7a35b0f5]" started-at="2022-11-21T16:20:21 IST" name="tearDownClass" finished-at="2022-11-21T16:20:21 IST" duration-ms="87" status="PASS">
          <reporter-output>
          </reporter-output>
        </test-method> <!-- tearDownClass -->
      </class> <!-- cucumber.TestNgTestRunner -->
    </test> <!-- Default test -->
  </suite> <!-- Default suite -->
</testng-results>
