<?xml version="1.0" encoding="UTF-8"?>
<!-- Generated by org.testng.reporters.JUnitXMLReporter -->
<testsuite ignored="0" hostname="DESKTOP-F9PCQ1V" failures="1" tests="1" name="Default test" time="7.859" errors="0" timestamp="2022-11-21T16:20:21 IST">
  <testcase classname="io.cucumber.testng.AbstractTestNGCucumberTests" name="runScenario" time="6.844">
    <failure type="java.lang.NullPointerException" message="Cannot invoke &amp;quot;pom.Homepage.getProductList()&amp;quot; because &amp;quot;this.homepage&amp;quot; is null">
      <![CDATA[java.lang.NullPointerException: Cannot invoke "pom.Homepage.getProductList()" because "this.homepage" is null
at stepDefinitions.StepDefinitionImp.I_add_product_to_Cart(StepDefinitionImp.java:41)
at ✽.I add product ZARA COAT 3 to Cart(file:///E:/VELOCITY%20LEC/SOFTWARE/ECLIPSE/ECLIPSE%20CODE/SeleniumFrameWork/src/test/java/cucumber/Standalontest2.feature:14)
]]>
    </failure>
  </testcase> <!-- runScenario -->
</testsuite> <!-- Default test -->
