<?xml version="1.0" encoding="UTF-8"?>
<testng-results ignored="0" total="1" passed="1" failed="0" skipped="0">
  <reporter-output>
  </reporter-output>
  <suite started-at="2022-11-09T19:44:04 IST" name="Default suite" finished-at="2022-11-09T19:44:11 IST" duration-ms="6555">
    <groups>
    </groups>
    <test started-at="2022-11-09T19:44:04 IST" name="Default test" finished-at="2022-11-09T19:44:11 IST" duration-ms="6555">
      <class name="extentReportsTest.ExtentReport">
        <test-method is-config="true" signature="config()[pri:0, instance:extentReportsTest.ExtentReport@71ba6d4e]" started-at="2022-11-09T19:44:04 IST" name="config" finished-at="2022-11-09T19:44:04 IST" duration-ms="388" status="PASS">
          <reporter-output>
          </reporter-output>
        </test-method> <!-- config -->
        <test-method signature="initialDemo()[pri:0, instance:extentReportsTest.ExtentReport@71ba6d4e]" started-at="2022-11-09T19:44:05 IST" name="initialDemo" finished-at="2022-11-09T19:44:11 IST" duration-ms="6096" status="PASS">
          <reporter-output>
          </reporter-output>
        </test-method> <!-- initialDemo -->
      </class> <!-- extentReportsTest.ExtentReport -->
    </test> <!-- Default test -->
  </suite> <!-- Default suite -->
</testng-results>
