<?xml version="1.0" encoding="UTF-8"?>
<!-- Generated by org.testng.reporters.JUnitXMLReporter -->
<testsuite ignored="0" hostname="DESKTOP-F9PCQ1V" failures="1" tests="3" name="ErrorValidationTest" time="27.946" errors="0" timestamp="2022-11-14T11:08:22 IST">
  <testcase classname="rahualshetty.ErrorValidationTest" name="logInErrrorValidation" time="1.039">
    <skipped/>
  </testcase> <!-- logInErrrorValidation -->
  <testcase classname="rahualshetty.ErrorValidationTest" name="logInErrrorValidation" time="1.721">
    <failure type="java.lang.AssertionError" message="expected [Incorrect email or password.] but found [Incorrect emai or password.]">
      <![CDATA[java.lang.AssertionError: expected [Incorrect email or password.] but found [Incorrect emai or password.]
at rahualshetty.ErrorValidationTest.logInErrrorValidation(ErrorValidationTest.java:29)
at java.base/java.util.ArrayList.forEach(ArrayList.java:1511)
at java.base/java.util.concurrent.FutureTask.run(FutureTask.java:264)
at java.base/java.util.concurrent.ThreadPoolExecutor.runWorker(ThreadPoolExecutor.java:1130)
at java.base/java.util.concurrent.ThreadPoolExecutor$Worker.run(ThreadPoolExecutor.java:630)
at java.base/java.lang.Thread.run(Thread.java:831)
... Removed 23 stack frames]]>
    </failure>
  </testcase> <!-- logInErrrorValidation -->
  <testcase classname="rahualshetty.ErrorValidationTest" name="productErrorValidation" time="2.752"/>
</testsuite> <!-- ErrorValidationTest -->
