<?xml version="1.0" encoding="UTF-8"?>
<!-- Generated by org.testng.reporters.JUnitReportReporter -->
<testsuite hostname="DESKTOP-F9PCQ1V" failures="0" tests="1" name="cucumber.TestNgTestRunner" time="6.844" errors="1" timestamp="2022-11-21T16:20:21 IST" skipped="0">
  <testcase classname="cucumber.TestNgTestRunner" name="runScenario" time="6.844">
    <error message="Cannot invoke &quot;pom.Homepage.getProductList()&quot; because &quot;this.homepage&quot; is null" type="java.lang.NullPointerException">
      <![CDATA[java.lang.NullPointerException: Cannot invoke "pom.Homepage.getProductList()" because "this.homepage" is null
at stepDefinitions.StepDefinitionImp.I_add_product_to_Cart(StepDefinitionImp.java:41)
at ✽.I add product ZARA COAT 3 to Cart(file:///E:/VELOCITY%20LEC/SOFTWARE/ECLIPSE/ECLIPSE%20CODE/SeleniumFrameWork/src/test/java/cucumber/Standalontest2.feature:14)
]]>
    </error>
  </testcase> <!-- runScenario -->
  <system-out/>
</testsuite> <!-- cucumber.TestNgTestRunner -->
